#
# There is insufficient memory for the Java Runtime Environment to continue.
# Native memory allocation (malloc) failed to allocate 790432 bytes for Chunk::new
# Possible reasons:
#   The system is out of physical RAM or swap space
#   The process is running with CompressedOops enabled, and the Java Heap may be blocking the growth of the native heap
# Possible solutions:
#   Reduce memory load on the system
#   Increase physical memory or swap space
#   Check if swap backing store is full
#   Decrease Java heap size (-Xmx/-Xms)
#   Decrease number of Java threads
#   Decrease Java thread stack sizes (-Xss)
#   Set larger code cache with -XX:ReservedCodeCacheSize=
#   JVM is running with Unscaled Compressed Oops mode in which the Java heap is
#     placed in the first 4GB address space. The Java Heap base address is the
#     maximum limit for the native heap growth. Please use -XX:HeapBaseMinAddress
#     to set the Java Heap base and to place the Java Heap above 4GB virtual address.
# This output file may be truncated or incomplete.
#
#  Out of Memory Error (arena.cpp:189), pid=3652, tid=8572
#
# JRE version: Java(TM) SE Runtime Environment (17.0.3.1+2) (build 17.0.3.1+2-LTS-6)
# Java VM: Java HotSpot(TM) 64-Bit Server VM (17.0.3.1+2-LTS-6, mixed mode, sharing, tiered, compressed oops, compressed class ptrs, g1 gc, windows-amd64)
# No core dump will be written. Minidumps are not enabled by default on client versions of Windows
#

---------------  S U M M A R Y ------------

Command Line: -ea -Didea.test.cyclic.buffer.size=1048576 -javaagent:C:\Users\usuario\AppData\Local\JetBrains\Toolbox\apps\IDEA-C\ch-0\222.3345.118\lib\idea_rt.jar=50988:C:\Users\usuario\AppData\Local\JetBrains\Toolbox\apps\IDEA-C\ch-0\222.3345.118\bin -Dfile.encoding=UTF-8 com.intellij.rt.junit.JUnitStarter -ideVersion5 -junit5 co.icesi.edu.animals.integration.AnimalsCreateCaripiareIntegrationTest

Host: Intel(R) Core(TM) i5-6200U CPU @ 2.30GHz, 4 cores, 7G,  Windows 10 , 64 bit Build 18362 (10.0.18362.1500)
Time: Sun Oct 30 21:27:54 2022 SA Pacific Standard Time elapsed time: 7.253837 seconds (0d 0h 0m 7s)

---------------  T H R E A D  ---------------

Current thread (0x000001fe725c3a20):  JavaThread "C2 CompilerThread0" daemon [_thread_in_native, id=8572, stack(0x000000793e700000,0x000000793e800000)]


Current CompileTask:
C2:   7271 1450 %     4       jdk.internal.loader.URLClassPath::getResource @ 39 (74 bytes)

Stack: [0x000000793e700000,0x000000793e800000]
Native frames: (J=compiled Java code, j=interpreted, Vv=VM code, C=native code)
V  [jvm.dll+0x6711ba]
V  [jvm.dll+0x7d0834]
V  [jvm.dll+0x7d1fde]
V  [jvm.dll+0x7d2643]
V  [jvm.dll+0x242c85]
V  [jvm.dll+0xaa57b]
V  [jvm.dll+0xaab0c]
V  [jvm.dll+0x35ff77]
V  [jvm.dll+0x32a581]
V  [jvm.dll+0x329a2a]
V  [jvm.dll+0x215d61]
V  [jvm.dll+0x215181]
V  [jvm.dll+0x1a1c3d]
V  [jvm.dll+0x2249c8]
V  [jvm.dll+0x222b2c]
V  [jvm.dll+0x78650b]
V  [jvm.dll+0x780aca]
V  [jvm.dll+0x670045]
C  [ucrtbase.dll+0x210b2]
C  [KERNEL32.DLL+0x17c24]
C  [ntdll.dll+0x6d721]


---------------  P R O C E S S  ---------------

Threads class SMR info:
_java_thread_list=0x000001fe731336d0, length=13, elements={
0x000001fe52e93ca0, 0x000001fe725a9120, 0x000001fe725a9f90, 0x000001fe725bb820,
0x000001fe725bc3d0, 0x000001fe725bee90, 0x000001fe725bf840, 0x000001fe725c3a20,
0x000001fe725cc420, 0x000001fe725ff9f0, 0x000001fe725925c0, 0x000001fe73195ee0,
0x000001fe731963b0
}

Java Threads: ( => current thread )
  0x000001fe52e93ca0 JavaThread "main" [_thread_in_vm, id=3292, stack(0x000000793da00000,0x000000793db00000)]
  0x000001fe725a9120 JavaThread "Reference Handler" daemon [_thread_blocked, id=5572, stack(0x000000793e100000,0x000000793e200000)]
  0x000001fe725a9f90 JavaThread "Finalizer" daemon [_thread_blocked, id=6512, stack(0x000000793e200000,0x000000793e300000)]
  0x000001fe725bb820 JavaThread "Signal Dispatcher" daemon [_thread_blocked, id=11888, stack(0x000000793e300000,0x000000793e400000)]
  0x000001fe725bc3d0 JavaThread "Attach Listener" daemon [_thread_blocked, id=6404, stack(0x000000793e400000,0x000000793e500000)]
  0x000001fe725bee90 JavaThread "Service Thread" daemon [_thread_blocked, id=7004, stack(0x000000793e500000,0x000000793e600000)]
  0x000001fe725bf840 JavaThread "Monitor Deflation Thread" daemon [_thread_blocked, id=9108, stack(0x000000793e600000,0x000000793e700000)]
=>0x000001fe725c3a20 JavaThread "C2 CompilerThread0" daemon [_thread_in_native, id=8572, stack(0x000000793e700000,0x000000793e800000)]
  0x000001fe725cc420 JavaThread "C1 CompilerThread0" daemon [_thread_blocked, id=11828, stack(0x000000793e800000,0x000000793e900000)]
  0x000001fe725ff9f0 JavaThread "Sweeper thread" daemon [_thread_blocked, id=13376, stack(0x000000793e900000,0x000000793ea00000)]
  0x000001fe725925c0 JavaThread "Common-Cleaner" daemon [_thread_blocked, id=11300, stack(0x000000793ea00000,0x000000793eb00000)]
  0x000001fe73195ee0 JavaThread "Monitor Ctrl-Break" daemon [_thread_in_native, id=12224, stack(0x000000793eb00000,0x000000793ec00000)]
  0x000001fe731963b0 JavaThread "Notification Thread" daemon [_thread_blocked, id=10036, stack(0x000000793ec00000,0x000000793ed00000)]

Other Threads:
  0x000001fe725a4520 VMThread "VM Thread" [stack: 0x000000793e000000,0x000000793e100000] [id=6024]
  0x000001fe52f0ebd0 WatcherThread [stack: 0x000000793ed00000,0x000000793ee00000] [id=10384]
  0x000001fe52eebf10 GCTaskThread "GC Thread#0" [stack: 0x000000793db00000,0x000000793dc00000] [id=1508]
  0x000001fe73b24a90 GCTaskThread "GC Thread#1" [stack: 0x000000793ee00000,0x000000793ef00000] [id=2732]
  0x000001fe73b24d40 GCTaskThread "GC Thread#2" [stack: 0x000000793ef00000,0x000000793f000000] [id=12664]
  0x000001fe7391d900 GCTaskThread "GC Thread#3" [stack: 0x000000793f000000,0x000000793f100000] [id=10296]
  0x000001fe52efdda0 ConcurrentGCThread "G1 Main Marker" [stack: 0x000000793dc00000,0x000000793dd00000] [id=14196]
  0x000001fe52efff60 ConcurrentGCThread "G1 Conc#0" [stack: 0x000000793dd00000,0x000000793de00000] [id=9820]
  0x000001fe724620c0 ConcurrentGCThread "G1 Refine#0" [stack: 0x000000793de00000,0x000000793df00000] [id=11576]
  0x000001fe72462ae0 ConcurrentGCThread "G1 Service" [stack: 0x000000793df00000,0x000000793e000000] [id=7344]

Threads with active compile tasks:
C2 CompilerThread0     7638 1450 %     4       jdk.internal.loader.URLClassPath::getResource @ 39 (74 bytes)

VM state: not at safepoint (normal execution)

VM Mutex/Monitor currently owned by a thread: None

Heap address: 0x0000000082600000, size: 2010 MB, Compressed Oops mode: 32-bit

CDS archive(s) mapped at: [0x0000000800000000-0x0000000800bc0000-0x0000000800bc0000), size 12320768, SharedBaseAddress: 0x0000000800000000, ArchiveRelocationMode: 0.
Compressed class space mapped at: 0x0000000800c00000-0x0000000840c00000, reserved size: 1073741824
Narrow klass base: 0x0000000800000000, Narrow klass shift: 0, Narrow klass range: 0x100000000

GC Precious Log:
 CPUs: 4 total, 4 available
 Memory: 8033M
 Large Page Support: Disabled
 NUMA Support: Disabled
 Compressed Oops: Enabled (32-bit)
 Heap Region Size: 1M
 Heap Min Capacity: 8M
 Heap Initial Capacity: 126M
 Heap Max Capacity: 2010M
 Pre-touch: Disabled
 Parallel Workers: 4
 Concurrent Workers: 1
 Concurrent Refinement Workers: 4
 Periodic GC: Disabled

Heap:
 garbage-first heap   total 129024K, used 20494K [0x0000000082600000, 0x0000000100000000)
  region size 1024K, 15 young (15360K), 2 survivors (2048K)
 Metaspace       used 8301K, committed 8512K, reserved 1064960K
  class space    used 1003K, committed 1088K, reserved 1048576K

Heap Regions: E=young(eden), S=young(survivor), O=old, HS=humongous(starts), HC=humongous(continues), CS=collection set, F=free, OA=open archive, CA=closed archive, TAMS=top-at-mark-start (previous, next)
|   0|0x0000000082600000, 0x0000000082700000, 0x0000000082700000|100%|HS|  |TAMS 0x0000000082600000, 0x0000000082600000| Complete 
|   1|0x0000000082700000, 0x0000000082800000, 0x0000000082800000|100%| O|  |TAMS 0x0000000082700000, 0x0000000082700000| Untracked 
|   2|0x0000000082800000, 0x0000000082900000, 0x0000000082900000|100%| O|  |TAMS 0x0000000082800000, 0x0000000082800000| Untracked 
|   3|0x0000000082900000, 0x0000000082a00000, 0x0000000082a00000|100%| O|  |TAMS 0x0000000082900000, 0x0000000082900000| Untracked 
|   4|0x0000000082a00000, 0x0000000082b00000, 0x0000000082b00000|100%| O|  |TAMS 0x0000000082a00000, 0x0000000082a00000| Untracked 
|   5|0x0000000082b00000, 0x0000000082c00000, 0x0000000082c00000|100%| O|  |TAMS 0x0000000082b00000, 0x0000000082b00000| Untracked 
|   6|0x0000000082c00000, 0x0000000082cd2a00, 0x0000000082d00000| 82%| O|  |TAMS 0x0000000082c00000, 0x0000000082c00000| Untracked 
|   7|0x0000000082d00000, 0x0000000082d00000, 0x0000000082e00000|  0%| F|  |TAMS 0x0000000082d00000, 0x0000000082d00000| Untracked 
|   8|0x0000000082e00000, 0x0000000082e00000, 0x0000000082f00000|  0%| F|  |TAMS 0x0000000082e00000, 0x0000000082e00000| Untracked 
|   9|0x0000000082f00000, 0x0000000082f00000, 0x0000000083000000|  0%| F|  |TAMS 0x0000000082f00000, 0x0000000082f00000| Untracked 
|  10|0x0000000083000000, 0x0000000083000000, 0x0000000083100000|  0%| F|  |TAMS 0x0000000083000000, 0x0000000083000000| Untracked 
|  11|0x0000000083100000, 0x0000000083100000, 0x0000000083200000|  0%| F|  |TAMS 0x0000000083100000, 0x0000000083100000| Untracked 
|  12|0x0000000083200000, 0x0000000083200000, 0x0000000083300000|  0%| F|  |TAMS 0x0000000083200000, 0x0000000083200000| Untracked 
|  13|0x0000000083300000, 0x0000000083300000, 0x0000000083400000|  0%| F|  |TAMS 0x0000000083300000, 0x0000000083300000| Untracked 
|  14|0x0000000083400000, 0x0000000083400000, 0x0000000083500000|  0%| F|  |TAMS 0x0000000083400000, 0x0000000083400000| Untracked 
|  15|0x0000000083500000, 0x0000000083500000, 0x0000000083600000|  0%| F|  |TAMS 0x0000000083500000, 0x0000000083500000| Untracked 
|  16|0x0000000083600000, 0x0000000083600000, 0x0000000083700000|  0%| F|  |TAMS 0x0000000083600000, 0x0000000083600000| Untracked 
|  17|0x0000000083700000, 0x0000000083700000, 0x0000000083800000|  0%| F|  |TAMS 0x0000000083700000, 0x0000000083700000| Untracked 
|  18|0x0000000083800000, 0x0000000083800000, 0x0000000083900000|  0%| F|  |TAMS 0x0000000083800000, 0x0000000083800000| Untracked 
|  19|0x0000000083900000, 0x0000000083900000, 0x0000000083a00000|  0%| F|  |TAMS 0x0000000083900000, 0x0000000083900000| Untracked 
|  20|0x0000000083a00000, 0x0000000083a00000, 0x0000000083b00000|  0%| F|  |TAMS 0x0000000083a00000, 0x0000000083a00000| Untracked 
|  21|0x0000000083b00000, 0x0000000083b00000, 0x0000000083c00000|  0%| F|  |TAMS 0x0000000083b00000, 0x0000000083b00000| Untracked 
|  22|0x0000000083c00000, 0x0000000083c00000, 0x0000000083d00000|  0%| F|  |TAMS 0x0000000083c00000, 0x0000000083c00000| Untracked 
|  23|0x0000000083d00000, 0x0000000083d00000, 0x0000000083e00000|  0%| F|  |TAMS 0x0000000083d00000, 0x0000000083d00000| Untracked 
|  24|0x0000000083e00000, 0x0000000083e00000, 0x0000000083f00000|  0%| F|  |TAMS 0x0000000083e00000, 0x0000000083e00000| Untracked 
|  25|0x0000000083f00000, 0x0000000083f00000, 0x0000000084000000|  0%| F|  |TAMS 0x0000000083f00000, 0x0000000083f00000| Untracked 
|  26|0x0000000084000000, 0x0000000084000000, 0x0000000084100000|  0%| F|  |TAMS 0x0000000084000000, 0x0000000084000000| Untracked 
|  27|0x0000000084100000, 0x0000000084100000, 0x0000000084200000|  0%| F|  |TAMS 0x0000000084100000, 0x0000000084100000| Untracked 
|  28|0x0000000084200000, 0x0000000084200000, 0x0000000084300000|  0%| F|  |TAMS 0x0000000084200000, 0x0000000084200000| Untracked 
|  29|0x0000000084300000, 0x0000000084300000, 0x0000000084400000|  0%| F|  |TAMS 0x0000000084300000, 0x0000000084300000| Untracked 
|  30|0x0000000084400000, 0x0000000084400000, 0x0000000084500000|  0%| F|  |TAMS 0x0000000084400000, 0x0000000084400000| Untracked 
|  31|0x0000000084500000, 0x0000000084500000, 0x0000000084600000|  0%| F|  |TAMS 0x0000000084500000, 0x0000000084500000| Untracked 
|  32|0x0000000084600000, 0x0000000084600000, 0x0000000084700000|  0%| F|  |TAMS 0x0000000084600000, 0x0000000084600000| Untracked 
|  33|0x0000000084700000, 0x0000000084700000, 0x0000000084800000|  0%| F|  |TAMS 0x0000000084700000, 0x0000000084700000| Untracked 
|  34|0x0000000084800000, 0x0000000084800000, 0x0000000084900000|  0%| F|  |TAMS 0x0000000084800000, 0x0000000084800000| Untracked 
|  35|0x0000000084900000, 0x0000000084900000, 0x0000000084a00000|  0%| F|  |TAMS 0x0000000084900000, 0x0000000084900000| Untracked 
|  36|0x0000000084a00000, 0x0000000084a00000, 0x0000000084b00000|  0%| F|  |TAMS 0x0000000084a00000, 0x0000000084a00000| Untracked 
|  37|0x0000000084b00000, 0x0000000084b00000, 0x0000000084c00000|  0%| F|  |TAMS 0x0000000084b00000, 0x0000000084b00000| Untracked 
|  38|0x0000000084c00000, 0x0000000084c00000, 0x0000000084d00000|  0%| F|  |TAMS 0x0000000084c00000, 0x0000000084c00000| Untracked 
|  39|0x0000000084d00000, 0x0000000084d00000, 0x0000000084e00000|  0%| F|  |TAMS 0x0000000084d00000, 0x0000000084d00000| Untracked 
|  40|0x0000000084e00000, 0x0000000084e00000, 0x0000000084f00000|  0%| F|  |TAMS 0x0000000084e00000, 0x0000000084e00000| Untracked 
|  41|0x0000000084f00000, 0x0000000084f00000, 0x0000000085000000|  0%| F|  |TAMS 0x0000000084f00000, 0x0000000084f00000| Untracked 
|  42|0x0000000085000000, 0x0000000085000000, 0x0000000085100000|  0%| F|  |TAMS 0x0000000085000000, 0x0000000085000000| Untracked 
|  43|0x0000000085100000, 0x0000000085100000, 0x0000000085200000|  0%| F|  |TAMS 0x0000000085100000, 0x0000000085100000| Untracked 
|  44|0x0000000085200000, 0x0000000085200000, 0x0000000085300000|  0%| F|  |TAMS 0x0000000085200000, 0x0000000085200000| Untracked 
|  45|0x0000000085300000, 0x0000000085300000, 0x0000000085400000|  0%| F|  |TAMS 0x0000000085300000, 0x0000000085300000| Untracked 
|  46|0x0000000085400000, 0x0000000085400000, 0x0000000085500000|  0%| F|  |TAMS 0x0000000085400000, 0x0000000085400000| Untracked 
|  47|0x0000000085500000, 0x0000000085500000, 0x0000000085600000|  0%| F|  |TAMS 0x0000000085500000, 0x0000000085500000| Untracked 
|  48|0x0000000085600000, 0x0000000085600000, 0x0000000085700000|  0%| F|  |TAMS 0x0000000085600000, 0x0000000085600000| Untracked 
|  49|0x0000000085700000, 0x0000000085700000, 0x0000000085800000|  0%| F|  |TAMS 0x0000000085700000, 0x0000000085700000| Untracked 
|  50|0x0000000085800000, 0x0000000085800000, 0x0000000085900000|  0%| F|  |TAMS 0x0000000085800000, 0x0000000085800000| Untracked 
|  51|0x0000000085900000, 0x0000000085900000, 0x0000000085a00000|  0%| F|  |TAMS 0x0000000085900000, 0x0000000085900000| Untracked 
|  52|0x0000000085a00000, 0x0000000085a00000, 0x0000000085b00000|  0%| F|  |TAMS 0x0000000085a00000, 0x0000000085a00000| Untracked 
|  53|0x0000000085b00000, 0x0000000085b00000, 0x0000000085c00000|  0%| F|  |TAMS 0x0000000085b00000, 0x0000000085b00000| Untracked 
|  54|0x0000000085c00000, 0x0000000085c00000, 0x0000000085d00000|  0%| F|  |TAMS 0x0000000085c00000, 0x0000000085c00000| Untracked 
|  55|0x0000000085d00000, 0x0000000085d00000, 0x0000000085e00000|  0%| F|  |TAMS 0x0000000085d00000, 0x0000000085d00000| Untracked 
|  56|0x0000000085e00000, 0x0000000085e00000, 0x0000000085f00000|  0%| F|  |TAMS 0x0000000085e00000, 0x0000000085e00000| Untracked 
|  57|0x0000000085f00000, 0x0000000085f00000, 0x0000000086000000|  0%| F|  |TAMS 0x0000000085f00000, 0x0000000085f00000| Untracked 
|  58|0x0000000086000000, 0x0000000086000000, 0x0000000086100000|  0%| F|  |TAMS 0x0000000086000000, 0x0000000086000000| Untracked 
|  59|0x0000000086100000, 0x0000000086100000, 0x0000000086200000|  0%| F|  |TAMS 0x0000000086100000, 0x0000000086100000| Untracked 
|  60|0x0000000086200000, 0x0000000086200000, 0x0000000086300000|  0%| F|  |TAMS 0x0000000086200000, 0x0000000086200000| Untracked 
|  61|0x0000000086300000, 0x0000000086300000, 0x0000000086400000|  0%| F|  |TAMS 0x0000000086300000, 0x0000000086300000| Untracked 
|  62|0x0000000086400000, 0x0000000086400000, 0x0000000086500000|  0%| F|  |TAMS 0x0000000086400000, 0x0000000086400000| Untracked 
|  63|0x0000000086500000, 0x0000000086500000, 0x0000000086600000|  0%| F|  |TAMS 0x0000000086500000, 0x0000000086500000| Untracked 
|  64|0x0000000086600000, 0x0000000086600000, 0x0000000086700000|  0%| F|  |TAMS 0x0000000086600000, 0x0000000086600000| Untracked 
|  65|0x0000000086700000, 0x0000000086700000, 0x0000000086800000|  0%| F|  |TAMS 0x0000000086700000, 0x0000000086700000| Untracked 
|  66|0x0000000086800000, 0x0000000086800000, 0x0000000086900000|  0%| F|  |TAMS 0x0000000086800000, 0x0000000086800000| Untracked 
|  67|0x0000000086900000, 0x0000000086900000, 0x0000000086a00000|  0%| F|  |TAMS 0x0000000086900000, 0x0000000086900000| Untracked 
|  68|0x0000000086a00000, 0x0000000086a00000, 0x0000000086b00000|  0%| F|  |TAMS 0x0000000086a00000, 0x0000000086a00000| Untracked 
|  69|0x0000000086b00000, 0x0000000086b00000, 0x0000000086c00000|  0%| F|  |TAMS 0x0000000086b00000, 0x0000000086b00000| Untracked 
|  70|0x0000000086c00000, 0x0000000086c00000, 0x0000000086d00000|  0%| F|  |TAMS 0x0000000086c00000, 0x0000000086c00000| Untracked 
|  71|0x0000000086d00000, 0x0000000086d00000, 0x0000000086e00000|  0%| F|  |TAMS 0x0000000086d00000, 0x0000000086d00000| Untracked 
|  72|0x0000000086e00000, 0x0000000086e00000, 0x0000000086f00000|  0%| F|  |TAMS 0x0000000086e00000, 0x0000000086e00000| Untracked 
|  73|0x0000000086f00000, 0x0000000086f00000, 0x0000000087000000|  0%| F|  |TAMS 0x0000000086f00000, 0x0000000086f00000| Untracked 
|  74|0x0000000087000000, 0x0000000087000000, 0x0000000087100000|  0%| F|  |TAMS 0x0000000087000000, 0x0000000087000000| Untracked 
|  75|0x0000000087100000, 0x0000000087100000, 0x0000000087200000|  0%| F|  |TAMS 0x0000000087100000, 0x0000000087100000| Untracked 
|  76|0x0000000087200000, 0x0000000087200000, 0x0000000087300000|  0%| F|  |TAMS 0x0000000087200000, 0x0000000087200000| Untracked 
|  77|0x0000000087300000, 0x0000000087300000, 0x0000000087400000|  0%| F|  |TAMS 0x0000000087300000, 0x0000000087300000| Untracked 
|  78|0x0000000087400000, 0x0000000087400000, 0x0000000087500000|  0%| F|  |TAMS 0x0000000087400000, 0x0000000087400000| Untracked 
|  79|0x0000000087500000, 0x0000000087500000, 0x0000000087600000|  0%| F|  |TAMS 0x0000000087500000, 0x0000000087500000| Untracked 
|  80|0x0000000087600000, 0x0000000087600000, 0x0000000087700000|  0%| F|  |TAMS 0x0000000087600000, 0x0000000087600000| Untracked 
|  81|0x0000000087700000, 0x0000000087700000, 0x0000000087800000|  0%| F|  |TAMS 0x0000000087700000, 0x0000000087700000| Untracked 
|  82|0x0000000087800000, 0x0000000087800000, 0x0000000087900000|  0%| F|  |TAMS 0x0000000087800000, 0x0000000087800000| Untracked 
|  83|0x0000000087900000, 0x0000000087900000, 0x0000000087a00000|  0%| F|  |TAMS 0x0000000087900000, 0x0000000087900000| Untracked 
|  84|0x0000000087a00000, 0x0000000087a00000, 0x0000000087b00000|  0%| F|  |TAMS 0x0000000087a00000, 0x0000000087a00000| Untracked 
|  85|0x0000000087b00000, 0x0000000087b00000, 0x0000000087c00000|  0%| F|  |TAMS 0x0000000087b00000, 0x0000000087b00000| Untracked 
|  86|0x0000000087c00000, 0x0000000087c00000, 0x0000000087d00000|  0%| F|  |TAMS 0x0000000087c00000, 0x0000000087c00000| Untracked 
|  87|0x0000000087d00000, 0x0000000087d00000, 0x0000000087e00000|  0%| F|  |TAMS 0x0000000087d00000, 0x0000000087d00000| Untracked 
|  88|0x0000000087e00000, 0x0000000087e00000, 0x0000000087f00000|  0%| F|  |TAMS 0x0000000087e00000, 0x0000000087e00000| Untracked 
|  89|0x0000000087f00000, 0x0000000087f00000, 0x0000000088000000|  0%| F|  |TAMS 0x0000000087f00000, 0x0000000087f00000| Untracked 
|  90|0x0000000088000000, 0x0000000088000000, 0x0000000088100000|  0%| F|  |TAMS 0x0000000088000000, 0x0000000088000000| Untracked 
|  91|0x0000000088100000, 0x0000000088100000, 0x0000000088200000|  0%| F|  |TAMS 0x0000000088100000, 0x0000000088100000| Untracked 
|  92|0x0000000088200000, 0x0000000088200000, 0x0000000088300000|  0%| F|  |TAMS 0x0000000088200000, 0x0000000088200000| Untracked 
|  93|0x0000000088300000, 0x0000000088300000, 0x0000000088400000|  0%| F|  |TAMS 0x0000000088300000, 0x0000000088300000| Untracked 
|  94|0x0000000088400000, 0x0000000088400000, 0x0000000088500000|  0%| F|  |TAMS 0x0000000088400000, 0x0000000088400000| Untracked 
|  95|0x0000000088500000, 0x0000000088500000, 0x0000000088600000|  0%| F|  |TAMS 0x0000000088500000, 0x0000000088500000| Untracked 
|  96|0x0000000088600000, 0x0000000088600000, 0x0000000088700000|  0%| F|  |TAMS 0x0000000088600000, 0x0000000088600000| Untracked 
|  97|0x0000000088700000, 0x0000000088700000, 0x0000000088800000|  0%| F|  |TAMS 0x0000000088700000, 0x0000000088700000| Untracked 
|  98|0x0000000088800000, 0x0000000088800000, 0x0000000088900000|  0%| F|  |TAMS 0x0000000088800000, 0x0000000088800000| Untracked 
|  99|0x0000000088900000, 0x0000000088900000, 0x0000000088a00000|  0%| F|  |TAMS 0x0000000088900000, 0x0000000088900000| Untracked 
| 100|0x0000000088a00000, 0x0000000088a00000, 0x0000000088b00000|  0%| F|  |TAMS 0x0000000088a00000, 0x0000000088a00000| Untracked 
| 101|0x0000000088b00000, 0x0000000088b00000, 0x0000000088c00000|  0%| F|  |TAMS 0x0000000088b00000, 0x0000000088b00000| Untracked 
| 102|0x0000000088c00000, 0x0000000088c00000, 0x0000000088d00000|  0%| F|  |TAMS 0x0000000088c00000, 0x0000000088c00000| Untracked 
| 103|0x0000000088d00000, 0x0000000088d00000, 0x0000000088e00000|  0%| F|  |TAMS 0x0000000088d00000, 0x0000000088d00000| Untracked 
| 104|0x0000000088e00000, 0x0000000088e00000, 0x0000000088f00000|  0%| F|  |TAMS 0x0000000088e00000, 0x0000000088e00000| Untracked 
| 105|0x0000000088f00000, 0x0000000088f00000, 0x0000000089000000|  0%| F|  |TAMS 0x0000000088f00000, 0x0000000088f00000| Untracked 
| 106|0x0000000089000000, 0x0000000089000000, 0x0000000089100000|  0%| F|  |TAMS 0x0000000089000000, 0x0000000089000000| Untracked 
| 107|0x0000000089100000, 0x0000000089100000, 0x0000000089200000|  0%| F|  |TAMS 0x0000000089100000, 0x0000000089100000| Untracked 
| 108|0x0000000089200000, 0x0000000089200000, 0x0000000089300000|  0%| F|  |TAMS 0x0000000089200000, 0x0000000089200000| Untracked 
| 109|0x0000000089300000, 0x0000000089300000, 0x0000000089400000|  0%| F|  |TAMS 0x0000000089300000, 0x0000000089300000| Untracked 
| 110|0x0000000089400000, 0x0000000089400000, 0x0000000089500000|  0%| F|  |TAMS 0x0000000089400000, 0x0000000089400000| Untracked 
| 111|0x0000000089500000, 0x00000000895e4a20, 0x0000000089600000| 89%| E|  |TAMS 0x0000000089500000, 0x0000000089500000| Complete 
| 112|0x0000000089600000, 0x0000000089700000, 0x0000000089700000|100%| E|CS|TAMS 0x0000000089600000, 0x0000000089600000| Complete 
| 113|0x0000000089700000, 0x0000000089800000, 0x0000000089800000|100%| E|CS|TAMS 0x0000000089700000, 0x0000000089700000| Complete 
| 114|0x0000000089800000, 0x0000000089831020, 0x0000000089900000| 19%| S|CS|TAMS 0x0000000089800000, 0x0000000089800000| Complete 
| 115|0x0000000089900000, 0x0000000089a00000, 0x0000000089a00000|100%| S|CS|TAMS 0x0000000089900000, 0x0000000089900000| Complete 
| 116|0x0000000089a00000, 0x0000000089b00000, 0x0000000089b00000|100%| E|CS|TAMS 0x0000000089a00000, 0x0000000089a00000| Complete 
| 117|0x0000000089b00000, 0x0000000089c00000, 0x0000000089c00000|100%| E|CS|TAMS 0x0000000089b00000, 0x0000000089b00000| Complete 
| 118|0x0000000089c00000, 0x0000000089d00000, 0x0000000089d00000|100%| E|CS|TAMS 0x0000000089c00000, 0x0000000089c00000| Complete 
| 119|0x0000000089d00000, 0x0000000089e00000, 0x0000000089e00000|100%| E|CS|TAMS 0x0000000089d00000, 0x0000000089d00000| Complete 
| 120|0x0000000089e00000, 0x0000000089f00000, 0x0000000089f00000|100%| E|CS|TAMS 0x0000000089e00000, 0x0000000089e00000| Complete 
| 121|0x0000000089f00000, 0x000000008a000000, 0x000000008a000000|100%| E|CS|TAMS 0x0000000089f00000, 0x0000000089f00000| Complete 
| 122|0x000000008a000000, 0x000000008a100000, 0x000000008a100000|100%| E|CS|TAMS 0x000000008a000000, 0x000000008a000000| Complete 
| 123|0x000000008a100000, 0x000000008a200000, 0x000000008a200000|100%| E|CS|TAMS 0x000000008a100000, 0x000000008a100000| Complete 
| 124|0x000000008a200000, 0x000000008a300000, 0x000000008a300000|100%| E|CS|TAMS 0x000000008a200000, 0x000000008a200000| Complete 
| 125|0x000000008a300000, 0x000000008a400000, 0x000000008a400000|100%| E|CS|TAMS 0x000000008a300000, 0x000000008a300000| Complete 

Card table byte_map: [0x000001fe6b8e0000,0x000001fe6bcd0000] _byte_map_base: 0x000001fe6b4cd000

Marking Bits (Prev, Next): (CMBitMap*) 0x000001fe52eed930, (CMBitMap*) 0x000001fe52eed970
 Prev Bits: [0x000001fe6c0c0000, 0x000001fe6e028000)
 Next Bits: [0x000001fe6e030000, 0x000001fe6ff98000)

Polling page: 0x000001fe52f50000

Metaspace:

Usage:
  Non-class:      7.16 MB used.
      Class:   1007.60 KB used.
       Both:      8.15 MB used.

Virtual space:
  Non-class space:       16.00 MB reserved,       7.25 MB ( 45%) committed,  2 nodes.
      Class space:        1.00 GB reserved,       1.06 MB ( <1%) committed,  1 nodes.
             Both:        1.02 GB reserved,       8.31 MB ( <1%) committed. 

Chunk freelists:
   Non-Class:  3.88 MB
       Class:  2.76 MB
        Both:  6.64 MB

MaxMetaspaceSize: unlimited
CompressedClassSpaceSize: 1.00 GB
Initial GC threshold: 21.00 MB
Current GC threshold: 21.00 MB
CDS: on
MetaspaceReclaimPolicy: balanced
 - commit_granule_bytes: 65536.
 - commit_granule_words: 8192.
 - virtual_space_node_default_size: 1048576.
 - enlarge_chunks_in_place: 1.
 - new_chunks_are_fully_committed: 0.
 - uncommit_free_chunks: 1.
 - use_allocation_guard: 0.
 - handle_deallocations: 1.


Internal statistics:

num_allocs_failed_limit: 0.
num_arena_births: 108.
num_arena_deaths: 0.
num_vsnodes_births: 3.
num_vsnodes_deaths: 0.
num_space_committed: 133.
num_space_uncommitted: 0.
num_chunks_returned_to_freelist: 0.
num_chunks_taken_from_freelist: 396.
num_chunk_merges: 0.
num_chunk_splits: 222.
num_chunks_enlarged: 146.
num_purges: 0.
num_inconsistent_stats: 0.

CodeHeap 'non-profiled nmethods': size=120000Kb used=524Kb max_used=524Kb free=119475Kb
 bounds [0x000001fe63990000, 0x000001fe63c00000, 0x000001fe6aec0000]
CodeHeap 'profiled nmethods': size=120000Kb used=3106Kb max_used=3106Kb free=116893Kb
 bounds [0x000001fe5c460000, 0x000001fe5c770000, 0x000001fe63990000]
CodeHeap 'non-nmethods': size=5760Kb used=1152Kb max_used=1171Kb free=4607Kb
 bounds [0x000001fe5bec0000, 0x000001fe5c130000, 0x000001fe5c460000]
 total_blobs=1989 nmethods=1546 adapters=355
 compilation: enabled
              stopped_count=0, restarted_count=0
 full_count=0

Compilation events (20 events):
Event: 7.180 Thread 0x000001fe725cc420 1484       3       java.lang.invoke.AbstractValidatingLambdaMetafactory::checkDescriptor (133 bytes)
Event: 7.183 Thread 0x000001fe725cc420 nmethod 1484 0x000001fe5c73cb10 code [0x000001fe5c73cf40, 0x000001fe5c73f398]
Event: 7.183 Thread 0x000001fe725cc420 1487       3       java.net.URL::toString (5 bytes)
Event: 7.183 Thread 0x000001fe725cc420 nmethod 1487 0x000001fe5c73ff10 code [0x000001fe5c7400c0, 0x000001fe5c7402e8]
Event: 7.183 Thread 0x000001fe725cc420 1488       3       java.net.URL::toExternalForm (9 bytes)
Event: 7.183 Thread 0x000001fe725cc420 nmethod 1488 0x000001fe5c740410 code [0x000001fe5c7405c0, 0x000001fe5c740788]
Event: 7.183 Thread 0x000001fe725cc420 1485       1       org.springframework.core.annotation.AnnotationTypeMapping::getDistance (5 bytes)
Event: 7.183 Thread 0x000001fe725cc420 nmethod 1485 0x000001fe63a10510 code [0x000001fe63a106a0, 0x000001fe63a10778]
Event: 7.183 Thread 0x000001fe725cc420 1480   !   3       java.lang.invoke.MethodHandles$Lookup::revealDirect (196 bytes)
Event: 7.185 Thread 0x000001fe725cc420 nmethod 1480 0x000001fe5c740890 code [0x000001fe5c740be0, 0x000001fe5c741fa8]
Event: 7.185 Thread 0x000001fe725cc420 1491       3       java.util.HashMap::<init> (98 bytes)
Event: 7.187 Thread 0x000001fe725cc420 nmethod 1491 0x000001fe5c742690 code [0x000001fe5c7429a0, 0x000001fe5c743948]
Event: 7.187 Thread 0x000001fe725cc420 1481       3       java.lang.invoke.InfoFromMemberName::<init> (72 bytes)
Event: 7.187 Thread 0x000001fe725cc420 nmethod 1481 0x000001fe5c743e90 code [0x000001fe5c744040, 0x000001fe5c744218]
Event: 7.187 Thread 0x000001fe725cc420 1483       3       java.lang.invoke.AbstractValidatingLambdaMetafactory::isAdaptableToAsReturn (36 bytes)
Event: 7.187 Thread 0x000001fe725cc420 nmethod 1483 0x000001fe5c744310 code [0x000001fe5c7444e0, 0x000001fe5c744988]
Event: 7.187 Thread 0x000001fe725cc420 1492       3       java.lang.Class$Atomic::casReflectionData (13 bytes)
Event: 7.187 Thread 0x000001fe725cc420 nmethod 1492 0x000001fe5c744b10 code [0x000001fe5c744ca0, 0x000001fe5c744df8]
Event: 7.187 Thread 0x000001fe725cc420 1490       1       sun.nio.fs.WindowsFileSystem::provider (5 bytes)
Event: 7.187 Thread 0x000001fe725cc420 nmethod 1490 0x000001fe63a10810 code [0x000001fe63a109a0, 0x000001fe63a10a78]

GC Heap History (4 events):
Event: 2.804 GC heap before
{Heap before GC invocations=0 (full 0):
 garbage-first heap   total 129024K, used 13312K [0x0000000082600000, 0x0000000100000000)
  region size 1024K, 13 young (13312K), 0 survivors (0K)
 Metaspace       used 2662K, committed 2880K, reserved 1056768K
  class space    used 270K, committed 384K, reserved 1048576K
}
Event: 2.811 GC heap after
{Heap after GC invocations=1 (full 0):
 garbage-first heap   total 129024K, used 6913K [0x0000000082600000, 0x0000000100000000)
  region size 1024K, 2 young (2048K), 2 survivors (2048K)
 Metaspace       used 2662K, committed 2880K, reserved 1056768K
  class space    used 270K, committed 384K, reserved 1048576K
}
Event: 4.576 GC heap before
{Heap before GC invocations=1 (full 0):
 garbage-first heap   total 129024K, used 16129K [0x0000000082600000, 0x0000000100000000)
  region size 1024K, 12 young (12288K), 2 survivors (2048K)
 Metaspace       used 5001K, committed 5184K, reserved 1056768K
  class space    used 616K, committed 704K, reserved 1048576K
}
Event: 4.581 GC heap after
{Heap after GC invocations=2 (full 0):
 garbage-first heap   total 129024K, used 8206K [0x0000000082600000, 0x0000000100000000)
  region size 1024K, 2 young (2048K), 2 survivors (2048K)
 Metaspace       used 5001K, committed 5184K, reserved 1056768K
  class space    used 616K, committed 704K, reserved 1048576K
}

Deoptimization events (20 events):
Event: 7.116 Thread 0x000001fe52e93ca0 Uncommon trap: trap_request=0xffffffc6 fr.pc=0x000001fe63a05498 relative=0x0000000000001378
Event: 7.116 Thread 0x000001fe52e93ca0 Uncommon trap: reason=bimorphic_or_optimized_type_check action=maybe_recompile pc=0x000001fe63a05498 method=java.util.HashMap.putVal(ILjava/lang/Object;Ljava/lang/Object;ZZ)Ljava/lang/Object; @ 56 c2
Event: 7.116 Thread 0x000001fe52e93ca0 DEOPT PACKING pc=0x000001fe63a05498 sp=0x000000793dafc430
Event: 7.116 Thread 0x000001fe52e93ca0 DEOPT UNPACKING pc=0x000001fe5bf123a3 sp=0x000000793dafc360 mode 2
Event: 7.137 Thread 0x000001fe52e93ca0 Uncommon trap: trap_request=0xffffff45 fr.pc=0x000001fe639c6f64 relative=0x00000000000007e4
Event: 7.137 Thread 0x000001fe52e93ca0 Uncommon trap: reason=unstable_if action=reinterpret pc=0x000001fe639c6f64 method=java.util.zip.ZipCoder.hash(Ljava/lang/String;)I @ 23 c2
Event: 7.137 Thread 0x000001fe52e93ca0 DEOPT PACKING pc=0x000001fe639c6f64 sp=0x000000793dafcb00
Event: 7.137 Thread 0x000001fe52e93ca0 DEOPT UNPACKING pc=0x000001fe5bf123a3 sp=0x000000793dafc9b0 mode 2
Event: 7.137 Thread 0x000001fe52e93ca0 Uncommon trap: trap_request=0xffffff45 fr.pc=0x000001fe639c39cc relative=0x00000000000005ec
Event: 7.137 Thread 0x000001fe52e93ca0 Uncommon trap: reason=unstable_if action=reinterpret pc=0x000001fe639c39cc method=java.util.zip.ZipCoder.hash(Ljava/lang/String;)I @ 23 c2
Event: 7.138 Thread 0x000001fe52e93ca0 DEOPT PACKING pc=0x000001fe639c39cc sp=0x000000793dafca80
Event: 7.138 Thread 0x000001fe52e93ca0 DEOPT UNPACKING pc=0x000001fe5bf123a3 sp=0x000000793dafc9a0 mode 2
Event: 7.138 Thread 0x000001fe52e93ca0 Uncommon trap: trap_request=0xffffff45 fr.pc=0x000001fe639deb2c relative=0x000000000000160c
Event: 7.138 Thread 0x000001fe52e93ca0 Uncommon trap: reason=unstable_if action=reinterpret pc=0x000001fe639deb2c method=java.io.WinNTFileSystem.normalize(Ljava/lang/String;)Ljava/lang/String; @ 128 c2
Event: 7.138 Thread 0x000001fe52e93ca0 DEOPT PACKING pc=0x000001fe639deb2c sp=0x000000793dafca00
Event: 7.138 Thread 0x000001fe52e93ca0 DEOPT UNPACKING pc=0x000001fe5bf123a3 sp=0x000000793dafc9d8 mode 2
Event: 7.140 Thread 0x000001fe52e93ca0 Uncommon trap: trap_request=0xffffff45 fr.pc=0x000001fe639ff844 relative=0x0000000000000224
Event: 7.140 Thread 0x000001fe52e93ca0 Uncommon trap: reason=unstable_if action=reinterpret pc=0x000001fe639ff844 method=java.util.StringTokenizer.scanToken(I)I @ 42 c2
Event: 7.140 Thread 0x000001fe52e93ca0 DEOPT PACKING pc=0x000001fe639ff844 sp=0x000000793dafcb20
Event: 7.140 Thread 0x000001fe52e93ca0 DEOPT UNPACKING pc=0x000001fe5bf123a3 sp=0x000000793dafcab0 mode 2

Classes unloaded (0 events):
No events

Classes redefined (0 events):
No events

Internal exceptions (20 events):
Event: 3.470 Thread 0x000001fe52e93ca0 Exception <a 'java/lang/IncompatibleClassChangeError'{0x000000008a0ca378}: Found class java.lang.Object, but interface was expected> (0x000000008a0ca378) 
thrown [t:\workspace\open\src\hotspot\share\interpreter\linkResolver.cpp, line 833]
Event: 3.481 Thread 0x000001fe52e93ca0 Exception <a 'java/lang/IncompatibleClassChangeError'{0x0000000089f01608}: Found class java.lang.Object, but interface was expected> (0x0000000089f01608) 
thrown [t:\workspace\open\src\hotspot\share\interpreter\linkResolver.cpp, line 833]
Event: 3.488 Thread 0x000001fe52e93ca0 Exception <a 'java/lang/NoSuchMethodError'{0x0000000089f1f890}: 'java.lang.Object java.lang.invoke.DirectMethodHandle$Holder.invokeStatic(java.lang.Object, java.lang.Object, int)'> (0x0000000089f1f890) 
thrown [t:\workspace\open\src\hotspot\share\interpreter\linkResolver.cpp, line 766]
Event: 3.505 Thread 0x000001fe52e93ca0 Exception <a 'java/lang/NoSuchMethodError'{0x0000000089fae1f8}: 'void java.lang.invoke.DirectMethodHandle$Holder.invokeSpecial(java.lang.Object, java.lang.Object, java.lang.Object, java.lang.Object, java.lang.Object)'> (0x0000000089fae1f8) 
thrown [t:\workspace\open\src\hotspot\share\interpreter\linkResolver.cpp, line 766]
Event: 3.521 Thread 0x000001fe52e93ca0 Exception <a 'java/lang/NoSuchMethodError'{0x0000000089fff0e0}: 'void java.lang.invoke.DirectMethodHandle$Holder.invokeInterface(java.lang.Object, java.lang.Object, java.lang.Object, java.lang.Object)'> (0x0000000089fff0e0) 
thrown [t:\workspace\open\src\hotspot\share\interpreter\linkResolver.cpp, line 766]
Event: 3.521 Thread 0x000001fe52e93ca0 Exception <a 'java/lang/IncompatibleClassChangeError'{0x0000000089e02e98}: Found class java.lang.Object, but interface was expected> (0x0000000089e02e98) 
thrown [t:\workspace\open\src\hotspot\share\interpreter\linkResolver.cpp, line 833]
Event: 3.525 Thread 0x000001fe52e93ca0 Exception <a 'java/lang/NoSuchMethodError'{0x0000000089e18520}: 'void java.lang.invoke.DirectMethodHandle$Holder.invokeStatic(java.lang.Object, java.lang.Object, java.lang.Object, java.lang.Object)'> (0x0000000089e18520) 
thrown [t:\workspace\open\src\hotspot\share\interpreter\linkResolver.cpp, line 766]
Event: 3.528 Thread 0x000001fe52e93ca0 Exception <a 'java/lang/NoSuchMethodError'{0x0000000089e29440}: 'java.lang.Object java.lang.invoke.DirectMethodHandle$Holder.newInvokeSpecial(java.lang.Object, java.lang.Object, int)'> (0x0000000089e29440) 
thrown [t:\workspace\open\src\hotspot\share\interpreter\linkResolver.cpp, line 766]
Event: 3.832 Thread 0x000001fe52e93ca0 Exception <a 'java/lang/NoSuchMethodError'{0x0000000089ed2f98}: 'int java.lang.invoke.DirectMethodHandle$Holder.invokeStatic(java.lang.Object, java.lang.Object, java.lang.Object, java.lang.Object)'> (0x0000000089ed2f98) 
thrown [t:\workspace\open\src\hotspot\share\interpreter\linkResolver.cpp, line 766]
Event: 3.833 Thread 0x000001fe52e93ca0 Exception <a 'java/lang/NoSuchMethodError'{0x0000000089ed6918}: 'java.lang.Object java.lang.invoke.Invokers$Holder.invokeExact_MT(java.lang.Object, java.lang.Object, java.lang.Object, java.lang.Object, java.lang.Object, java.lang.Object)'> (0x0000000089ed6918) 
thrown [t:\workspace\open\src\hotspot\share\interpreter\linkResolver.cpp, line 766]
Event: 3.836 Thread 0x000001fe52e93ca0 Exception <a 'java/lang/NoSuchMethodError'{0x0000000089d3f238}: 'int java.lang.invoke.DirectMethodHandle$Holder.invokeStatic(java.lang.Object, java.lang.Object, java.lang.Object, java.lang.Object, java.lang.Object)'> (0x0000000089d3f238) 
thrown [t:\workspace\open\src\hotspot\share\interpreter\linkResolver.cpp, line 766]
Event: 3.949 Thread 0x000001fe52e93ca0 Exception <a 'java/lang/NoSuchMethodError'{0x0000000089d89968}: 'void java.lang.invoke.DirectMethodHandle$Holder.invokeStaticInit(java.lang.Object)'> (0x0000000089d89968) 
thrown [t:\workspace\open\src\hotspot\share\interpreter\linkResolver.cpp, line 766]
Event: 4.193 Thread 0x000001fe52e93ca0 Exception <a 'java/lang/NoSuchMethodError'{0x0000000089cc9228}: 'int java.lang.invoke.DirectMethodHandle$Holder.invokeStaticInit(java.lang.Object, java.lang.Object)'> (0x0000000089cc9228) 
thrown [t:\workspace\open\src\hotspot\share\interpreter\linkResolver.cpp, line 766]
Event: 4.429 Thread 0x000001fe52e93ca0 Exception <a 'java/lang/NoSuchMethodError'{0x0000000089bf8040}: 'int java.lang.invoke.DirectMethodHandle$Holder.invokeInterface(java.lang.Object, java.lang.Object)'> (0x0000000089bf8040) 
thrown [t:\workspace\open\src\hotspot\share\interpreter\linkResolver.cpp, line 766]
Event: 5.539 Thread 0x000001fe52e93ca0 Exception <a 'java/lang/ClassNotFoundException'{0x000000008a20ca80}: javax/smartcardio/CardPermission> (0x000000008a20ca80) 
thrown [t:\workspace\open\src\hotspot\share\classfile\systemDictionary.cpp, line 256]
Event: 5.609 Thread 0x000001fe52e93ca0 Exception <a 'java/io/FileNotFoundException'{0x000000008a21b540}> (0x000000008a21b540) 
thrown [t:\workspace\open\src\hotspot\share\prims\jni.cpp, line 516]
Event: 5.945 Thread 0x000001fe52e93ca0 Exception <a 'java/lang/NoSuchMethodError'{0x000000008a020f48}: 'org.slf4j.impl.StaticMDCBinder org.slf4j.impl.StaticMDCBinder.getSingleton()'> (0x000000008a020f48) 
thrown [t:\workspace\open\src\hotspot\share\interpreter\linkResolver.cpp, line 766]
Event: 6.046 Thread 0x000001fe52e93ca0 Exception <a 'java/lang/IncompatibleClassChangeError'{0x000000008a08d2e0}: Found class java.lang.Object, but interface was expected> (0x000000008a08d2e0) 
thrown [t:\workspace\open\src\hotspot\share\interpreter\linkResolver.cpp, line 833]
Event: 6.101 Thread 0x000001fe52e93ca0 Exception <a 'java/lang/NoSuchMethodError'{0x0000000089f24df8}: 'int java.lang.invoke.DirectMethodHandle$Holder.invokeStaticInit(java.lang.Object, java.lang.Object, java.lang.Object)'> (0x0000000089f24df8) 
thrown [t:\workspace\open\src\hotspot\share\interpreter\linkResolver.cpp, line 766]
Event: 6.169 Thread 0x000001fe52e93ca0 Implicit null exception at 0x000001fe639c0e0f to 0x000001fe639c0e89

VM Operations (20 events):
Event: 4.576 Executing VM operation: G1CollectForAllocation
Event: 4.581 Executing VM operation: G1CollectForAllocation done
Event: 5.668 Executing VM operation: HandshakeAllThreads
Event: 5.668 Executing VM operation: HandshakeAllThreads done
Event: 5.668 Executing VM operation: Cleanup
Event: 5.669 Executing VM operation: Cleanup done
Event: 5.790 Executing VM operation: HandshakeAllThreads
Event: 5.790 Executing VM operation: HandshakeAllThreads done
Event: 6.044 Executing VM operation: HandshakeAllThreads
Event: 6.044 Executing VM operation: HandshakeAllThreads done
Event: 6.045 Executing VM operation: HandshakeAllThreads
Event: 6.045 Executing VM operation: HandshakeAllThreads done
Event: 6.197 Executing VM operation: HandshakeAllThreads
Event: 6.197 Executing VM operation: HandshakeAllThreads done
Event: 6.590 Executing VM operation: HandshakeAllThreads
Event: 6.590 Executing VM operation: HandshakeAllThreads done
Event: 7.115 Executing VM operation: HandshakeAllThreads
Event: 7.115 Executing VM operation: HandshakeAllThreads done
Event: 7.115 Executing VM operation: Cleanup
Event: 7.115 Executing VM operation: Cleanup done

Events (20 events):
Event: 7.007 loading class java/io/StringReader
Event: 7.007 loading class java/io/StringReader done
Event: 7.011 loading class java/util/stream/SortedOps$RefSortingSink
Event: 7.011 loading class java/util/stream/SortedOps$RefSortingSink done
Event: 7.115 loading class java/lang/ProcessEnvironment
Event: 7.115 loading class java/lang/ProcessEnvironment done
Event: 7.115 loading class java/lang/ProcessEnvironment$NameComparator
Event: 7.116 loading class java/lang/ProcessEnvironment$NameComparator done
Event: 7.116 loading class java/lang/ProcessEnvironment$EntryComparator
Event: 7.116 loading class java/lang/ProcessEnvironment$EntryComparator done
Event: 7.116 loading class java/lang/ProcessEnvironment$CheckedEntrySet
Event: 7.116 loading class java/lang/ProcessEnvironment$CheckedEntrySet done
Event: 7.116 loading class java/lang/ProcessEnvironment$CheckedEntrySet$1
Event: 7.116 loading class java/lang/ProcessEnvironment$CheckedEntrySet$1 done
Event: 7.116 loading class java/lang/ProcessEnvironment$CheckedEntry
Event: 7.116 loading class java/lang/ProcessEnvironment$CheckedEntry done
Event: 7.120 loading class java/util/zip/ZipException
Event: 7.121 loading class java/util/zip/ZipException done
Event: 7.141 loading class java/util/regex/Pattern$LazyLoop
Event: 7.141 loading class java/util/regex/Pattern$LazyLoop done


Dynamic libraries:
0x00007ff78c220000 - 0x00007ff78c230000 	C:\Program Files\Java\jdk-17.0.3.1\bin\java.exe
0x00007ffb976a0000 - 0x00007ffb97890000 	C:\WINDOWS\SYSTEM32\ntdll.dll
0x00007ffb959a0000 - 0x00007ffb95a52000 	C:\WINDOWS\System32\KERNEL32.DLL
0x00007ffb94a50000 - 0x00007ffb94cf5000 	C:\WINDOWS\System32\KERNELBASE.dll
0x00007ffb94710000 - 0x00007ffb9480a000 	C:\WINDOWS\System32\ucrtbase.dll
0x00007ffb910c0000 - 0x00007ffb910da000 	C:\Program Files\Java\jdk-17.0.3.1\bin\VCRUNTIME140.dll
0x00007ffb910a0000 - 0x00007ffb910b8000 	C:\Program Files\Java\jdk-17.0.3.1\bin\jli.dll
0x00007ffb96080000 - 0x00007ffb96123000 	C:\WINDOWS\System32\ADVAPI32.dll
0x00007ffb95a70000 - 0x00007ffb95b0e000 	C:\WINDOWS\System32\msvcrt.dll
0x00007ffb96130000 - 0x00007ffb961c7000 	C:\WINDOWS\System32\sechost.dll
0x00007ffb97540000 - 0x00007ffb9765f000 	C:\WINDOWS\System32\RPCRT4.dll
0x00007ffb95800000 - 0x00007ffb95994000 	C:\WINDOWS\System32\USER32.dll
0x00007ffb94a20000 - 0x00007ffb94a41000 	C:\WINDOWS\System32\win32u.dll
0x00007ffb8e940000 - 0x00007ffb8ebc4000 	C:\WINDOWS\WinSxS\amd64_microsoft.windows.common-controls_6595b64144ccf1df_6.0.18362.1556_none_9e7e372fe45e41d5\COMCTL32.dll
0x00007ffb95f10000 - 0x00007ffb95f36000 	C:\WINDOWS\System32\GDI32.dll
0x00007ffb95bd0000 - 0x00007ffb95f06000 	C:\WINDOWS\System32\combase.dll
0x00007ffb94dd0000 - 0x00007ffb94f68000 	C:\WINDOWS\System32\gdi32full.dll
0x00007ffb94810000 - 0x00007ffb94891000 	C:\WINDOWS\System32\bcryptPrimitives.dll
0x00007ffb94d30000 - 0x00007ffb94dce000 	C:\WINDOWS\System32\msvcp_win.dll
0x00007ffb8dfd0000 - 0x00007ffb8dfda000 	C:\WINDOWS\SYSTEM32\VERSION.dll
0x00007ffb96a90000 - 0x00007ffb96abe000 	C:\WINDOWS\System32\IMM32.DLL
0x00007ffb85360000 - 0x00007ffb8536c000 	C:\Program Files\Java\jdk-17.0.3.1\bin\vcruntime140_1.dll
0x00007ffb5e9b0000 - 0x00007ffb5ea3d000 	C:\Program Files\Java\jdk-17.0.3.1\bin\msvcp140.dll
0x00007ffb4e030000 - 0x00007ffb4ebf0000 	C:\Program Files\Java\jdk-17.0.3.1\bin\server\jvm.dll
0x00007ffb97290000 - 0x00007ffb97298000 	C:\WINDOWS\System32\PSAPI.DLL
0x00007ffb7eb50000 - 0x00007ffb7eb59000 	C:\WINDOWS\SYSTEM32\WSOCK32.dll
0x00007ffb91270000 - 0x00007ffb91294000 	C:\WINDOWS\SYSTEM32\WINMM.dll
0x00007ffb95f40000 - 0x00007ffb95faf000 	C:\WINDOWS\System32\WS2_32.dll
0x00007ffb911f0000 - 0x00007ffb9121d000 	C:\WINDOWS\SYSTEM32\winmmbase.dll
0x00007ffb946c0000 - 0x00007ffb9470a000 	C:\WINDOWS\System32\cfgmgr32.dll
0x00007ffb94560000 - 0x00007ffb94571000 	C:\WINDOWS\System32\kernel.appcore.dll
0x00007ffb81300000 - 0x00007ffb8130a000 	C:\Program Files\Java\jdk-17.0.3.1\bin\jimage.dll
0x00007ffb8ac20000 - 0x00007ffb8ae14000 	C:\WINDOWS\SYSTEM32\DBGHELP.DLL
0x00007ffb7f490000 - 0x00007ffb7f4ba000 	C:\WINDOWS\SYSTEM32\dbgcore.DLL
0x00007ffb812f0000 - 0x00007ffb812fe000 	C:\Program Files\Java\jdk-17.0.3.1\bin\instrument.dll
0x00007ffb73c30000 - 0x00007ffb73c55000 	C:\Program Files\Java\jdk-17.0.3.1\bin\java.dll
0x00007ffb5e8d0000 - 0x00007ffb5e9a6000 	C:\Program Files\Java\jdk-17.0.3.1\bin\jsvml.dll
0x00007ffb96ba0000 - 0x00007ffb97287000 	C:\WINDOWS\System32\SHELL32.dll
0x00007ffb95750000 - 0x00007ffb957f8000 	C:\WINDOWS\System32\shcore.dll
0x00007ffb94f70000 - 0x00007ffb956eb000 	C:\WINDOWS\System32\windows.storage.dll
0x00007ffb945f0000 - 0x00007ffb9460e000 	C:\WINDOWS\System32\profapi.dll
0x00007ffb94580000 - 0x00007ffb945ca000 	C:\WINDOWS\System32\powrprof.dll
0x00007ffb94550000 - 0x00007ffb94560000 	C:\WINDOWS\System32\UMPDC.dll
0x00007ffb95b10000 - 0x00007ffb95b62000 	C:\WINDOWS\System32\shlwapi.dll
0x00007ffb948a0000 - 0x00007ffb948b7000 	C:\WINDOWS\System32\cryptsp.dll
0x00007ffb701a0000 - 0x00007ffb701b8000 	C:\Program Files\Java\jdk-17.0.3.1\bin\zip.dll
0x00007ffb740b0000 - 0x00007ffb740c9000 	C:\Program Files\Java\jdk-17.0.3.1\bin\net.dll
0x00007ffb8c660000 - 0x00007ffb8c75a000 	C:\WINDOWS\SYSTEM32\WINHTTP.dll
0x00007ffb93ce0000 - 0x00007ffb93d47000 	C:\WINDOWS\system32\mswsock.dll
0x00007ffb701c0000 - 0x00007ffb701d6000 	C:\Program Files\Java\jdk-17.0.3.1\bin\nio.dll
0x00007ffb6e5c0000 - 0x00007ffb6e5da000 	C:\Users\usuario\AppData\Local\JetBrains\Toolbox\apps\IDEA-C\ch-0\222.3345.118\bin\breakgen64.dll
0x00007ffb80b80000 - 0x00007ffb80b90000 	C:\Program Files\Java\jdk-17.0.3.1\bin\verify.dll

dbghelp: loaded successfully - version: 4.0.5 - missing functions: none
symbol engine: initialized successfully - sym options: 0x614 - pdb path: .;C:\Program Files\Java\jdk-17.0.3.1\bin;C:\WINDOWS\SYSTEM32;C:\WINDOWS\WinSxS\amd64_microsoft.windows.common-controls_6595b64144ccf1df_6.0.18362.1556_none_9e7e372fe45e41d5;C:\Program Files\Java\jdk-17.0.3.1\bin\server;C:\Users\usuario\AppData\Local\JetBrains\Toolbox\apps\IDEA-C\ch-0\222.3345.118\bin

VM Arguments:
jvm_args: -ea -Didea.test.cyclic.buffer.size=1048576 -javaagent:C:\Users\usuario\AppData\Local\JetBrains\Toolbox\apps\IDEA-C\ch-0\222.3345.118\lib\idea_rt.jar=50988:C:\Users\usuario\AppData\Local\JetBrains\Toolbox\apps\IDEA-C\ch-0\222.3345.118\bin -Dfile.encoding=UTF-8 
java_command: com.intellij.rt.junit.JUnitStarter -ideVersion5 -junit5 co.icesi.edu.animals.integration.AnimalsCreateCaripiareIntegrationTest
java_class_path (initial): C:\Users\usuario\.m2\repository\org\junit\platform\junit-platform-launcher\1.8.2\junit-platform-launcher-1.8.2.jar;C:\Users\usuario\AppData\Local\JetBrains\Toolbox\apps\IDEA-C\ch-0\222.3345.118\lib\idea_rt.jar;C:\Users\usuario\AppData\Local\JetBrains\Toolbox\apps\IDEA-C\ch-0\222.3345.118\plugins\junit\lib\junit5-rt.jar;C:\Users\usuario\AppData\Local\JetBrains\Toolbox\apps\IDEA-C\ch-0\222.3345.118\plugins\junit\lib\junit-rt.jar;C:\Users\usuario\Desktop\CI\animals\target\test-classes;C:\Users\usuario\Desktop\CI\animals\target\classes;C:\Users\usuario\.m2\repository\org\springframework\boot\spring-boot-starter-data-jpa\2.7.4\spring-boot-starter-data-jpa-2.7.4.jar;C:\Users\usuario\.m2\repository\org\springframework\boot\spring-boot-starter-aop\2.7.4\spring-boot-starter-aop-2.7.4.jar;C:\Users\usuario\.m2\repository\org\springframework\spring-aop\5.3.23\spring-aop-5.3.23.jar;C:\Users\usuario\.m2\repository\org\aspectj\aspectjweaver\1.9.7\aspectjweaver-1.9.7.jar;C:\Users\usuario\.m2\repository\org\springframework\boot\spring-boot-starter-jdbc\2.7.4\spring-boot-starter-jdbc-2.7.4.jar;C:\Users\usuario\.m2\repository\com\zaxxer\HikariCP\4.0.3\HikariCP-4.0.3.jar;C:\Users\usuario\.m2\repository\org\springframework\spring-jdbc\5.3.23\spring-jdbc-5.3.23.jar;C:\Users\usuario\.m2\repository\jakarta\transaction\jakarta.transaction-api\1.3.3\jakarta.transaction-api-1.3.3.jar;C:\Users\usuario\.m2\repository\jakarta\persistence\jakarta.persistence-api\2.2.3\jakarta.persistence-api-2.2.3.jar;C:\Users\usuario\.m2\repository\org\hibernate\hibernate-core\5.6.11.Final\hibernate-core-5.6.11.Final.jar;C:\Users\usuario\.m2\repository\org\jboss\logging\jboss-logging\3.4.3.Final\jboss-logging-3.4.3.Final.jar;C:\Users\usuario\.m2\repository\net\bytebuddy\byte-buddy\1.12.17\byte-buddy-1.12.17.jar;C:\Users\usuario\.m2\repository\antlr\antlr\2.7.7\antlr-2.7.7.jar;C:\Users\usuario\.m2\repository\org\jboss\jandex\2.4.2.Final\jandex-2.4.2.Final.jar;C:\Users\usuario\.m2\repo
Launcher Type: SUN_STANDARD

[Global flags]
     intx CICompilerCount                          = 3                                         {product} {ergonomic}
     uint ConcGCThreads                            = 1                                         {product} {ergonomic}
     uint G1ConcRefinementThreads                  = 4                                         {product} {ergonomic}
   size_t G1HeapRegionSize                         = 1048576                                   {product} {ergonomic}
    uintx GCDrainStackTargetSize                   = 64                                        {product} {ergonomic}
   size_t InitialHeapSize                          = 132120576                                 {product} {ergonomic}
   size_t MarkStackSize                            = 4194304                                   {product} {ergonomic}
   size_t MaxHeapSize                              = 2107637760                                {product} {ergonomic}
   size_t MaxNewSize                               = 1264582656                                {product} {ergonomic}
   size_t MinHeapDeltaBytes                        = 1048576                                   {product} {ergonomic}
   size_t MinHeapSize                              = 8388608                                   {product} {ergonomic}
    uintx NonNMethodCodeHeapSize                   = 5832780                                {pd product} {ergonomic}
    uintx NonProfiledCodeHeapSize                  = 122912730                              {pd product} {ergonomic}
    uintx ProfiledCodeHeapSize                     = 122912730                              {pd product} {ergonomic}
    uintx ReservedCodeCacheSize                    = 251658240                              {pd product} {ergonomic}
     bool SegmentedCodeCache                       = true                                      {product} {ergonomic}
   size_t SoftMaxHeapSize                          = 2107637760                             {manageable} {ergonomic}
     bool UseCompressedClassPointers               = true                           {product lp64_product} {ergonomic}
     bool UseCompressedOops                        = true                           {product lp64_product} {ergonomic}
     bool UseG1GC                                  = true                                      {product} {ergonomic}
     bool UseLargePagesIndividualAllocation        = false                                  {pd product} {ergonomic}

Logging:
Log output configuration:
 #0: stdout all=warning uptime,level,tags
 #1: stderr all=off uptime,level,tags

Environment Variables:
JAVA_HOME=C:\Program Files\Java\jdk-11.0.8
PATH=C:\Program Files (x86)\VMware\VMware Player\bin\;C:\Program Files\Common Files\Oracle\Java\javapath;C:\Program Files (x86)\Common Files\Oracle\Java\javapath;C:\ProgramData\Oracle\Java\javapath;C:\WINDOWS\system32;C:\WINDOWS;C:\WINDOWS\System32\Wbem;C:\WINDOWS\System32\WindowsPowerShell\v1.0\;C:\Program Files (x86)\Windows Live\Shared;C:\Program Files\Intel\WiFi\bin\;C:\Program Files\Common Files\Intel\WirelessCommon\;C:\WINDOWS\System32\OpenSSH\;C:\Users\usuario\Downloads\platform-tools;C:\Program Files\dotnet\;C:\Program Files\Microsoft SQL Server\130\Tools\Binn\;C:\Program Files\Microsoft SQL Server\Client SDK\ODBC\170\Tools\Binn\;C:\Program Files\PuTTY\;C:\Program Files\nodejs\;C:\Program Files (x86)\Gpg4win\..\GnuPG\bin;C:\Program Files\ZeroC\Ice-3.7.7\bin;C:\Program Files\Java\jdk-11.0.8\bin;C:\Users\usuario\Desktop\AS\gradle-6.6\bin;C:\Program Files (x86)\nmap-7.92;C:\Program Files (x86)\dotnet\;;C:\Program Files\Docker\Docker\resources\bin;C:\ProgramData\DockerDesktop\version-bin;"C:\Users\usuario\AppData\Local\Microsoft\WindowsApps;C:\Program Files\Java\jdk1.8.0_144\bin";C:\Users\usuario\AppData\Local\Microsoft\WindowsApps;C:\Users\usuario\AppData\Local\Microsoft\WindowsApps;C:\Program Files\Intel\WiFi\bin\;C:\Program Files\Common Files\Intel\WirelessCommon\;C:\Users\usuario\.dotnet\tools;C:\Users\usuario\AppData\Roaming\npm;C:\Users\usuario\AppData\Local\Programs\Microsoft VS Code\bin;C:\Users\usuario\AppData\Local\JetBrains\Toolbox\scripts
USERNAME=usuario
OS=Windows_NT
PROCESSOR_IDENTIFIER=Intel64 Family 6 Model 78 Stepping 3, GenuineIntel



---------------  S Y S T E M  ---------------

OS:
 Windows 10 , 64 bit Build 18362 (10.0.18362.1500)
OS uptime: 2 days 4:50 hours
Hyper-V role detected

CPU: total 4 (initial active 4) (2 cores per cpu, 2 threads per core) family 6 model 78 stepping 3 microcode 0xd6, cx8, cmov, fxsr, ht, mmx, 3dnowpref, sse, sse2, sse3, ssse3, sse4.1, sse4.2, popcnt, lzcnt, tsc, tscinvbit, avx, avx2, aes, erms, clmul, bmi1, bmi2, adx, fma, vzeroupper, clflush, clflushopt, hv

Memory: 4k page, system-wide physical 8033M (228M free)
TotalPageFile size 10883M (AvailPageFile size 5M)
current process WorkingSet (physical memory assigned to process): 80M, peak: 80M
current process commit charge ("private bytes"): 224M, peak: 224M

vm_info: Java HotSpot(TM) 64-Bit Server VM (17.0.3.1+2-LTS-6) for windows-amd64 JRE (17.0.3.1+2-LTS-6), built on Apr 25 2022 22:04:21 by "mach5one" with MS VC++ 16.8 / 16.9 (VS2019)

END.
